[debug] [2020-06-19T23:06:54.501Z] ----------------------------------------------------------------------
[debug] [2020-06-19T23:06:54.503Z] Command:       C:\Program Files\nodejs\node.exe C:\Users\Austin\AppData\Roaming\npm\node_modules\firebase-tools\lib\bin\firebase.js serve --only hosting
[debug] [2020-06-19T23:06:54.503Z] CLI Version:   8.4.3
[debug] [2020-06-19T23:06:54.503Z] Platform:      win32
[debug] [2020-06-19T23:06:54.503Z] Node Version:  v14.4.0
[debug] [2020-06-19T23:06:54.504Z] Time:          Fri Jun 19 2020 16:06:54 GMT-0700 (Pacific Daylight Time)
[debug] [2020-06-19T23:06:54.504Z] ----------------------------------------------------------------------
[debug] [2020-06-19T23:06:54.504Z] 
[debug] [2020-06-19T23:06:54.510Z] > command requires scopes: ["email","openid","https://www.googleapis.com/auth/cloudplatformprojects.readonly","https://www.googleapis.com/auth/firebase","https://www.googleapis.com/auth/cloud-platform"]
[debug] [2020-06-19T23:06:54.511Z] > authorizing via signed-in user
[debug] [2020-06-19T23:06:54.511Z] [iam] checking project theory-parking for permissions ["firebase.projects.get"]
[debug] [2020-06-19T23:06:54.513Z] >>> HTTP REQUEST POST https://cloudresourcemanager.googleapis.com/v1/projects/theory-parking:testIamPermissions  
 {"permissions":["firebase.projects.get"]}
[debug] [2020-06-19T23:06:54.640Z] <<< HTTP RESPONSE 200 {"content-type":"application/json; charset=UTF-8","vary":"X-Origin, Referer, Origin,Accept-Encoding","date":"Fri, 19 Jun 2020 23:06:52 GMT","server":"ESF","cache-control":"private","x-xss-protection":"0","x-frame-options":"SAMEORIGIN","x-content-type-options":"nosniff","server-timing":"gfet4t7; dur=48","alt-svc":"h3-28=\":443\"; ma=2592000,h3-27=\":443\"; ma=2592000,h3-25=\":443\"; ma=2592000,h3-T050=\":443\"; ma=2592000,h3-Q050=\":443\"; ma=2592000,h3-Q049=\":443\"; ma=2592000,h3-Q048=\":443\"; ma=2592000,h3-Q046=\":443\"; ma=2592000,h3-Q043=\":443\"; ma=2592000,quic=\":443\"; ma=2592000; v=\"46,43\"","accept-ranges":"none","transfer-encoding":"chunked"}
[debug] [2020-06-19T23:06:54.641Z] >>> HTTP REQUEST GET https://firebase.googleapis.com/v1beta1/projects/theory-parking  
 
[debug] [2020-06-19T23:06:54.800Z] <<< HTTP RESPONSE 200 {"content-type":"application/json; charset=UTF-8","vary":"X-Origin, Referer, Origin,Accept-Encoding","date":"Fri, 19 Jun 2020 23:06:52 GMT","server":"ESF","cache-control":"private","x-xss-protection":"0","x-frame-options":"SAMEORIGIN","x-content-type-options":"nosniff","alt-svc":"h3-28=\":443\"; ma=2592000,h3-27=\":443\"; ma=2592000,h3-25=\":443\"; ma=2592000,h3-T050=\":443\"; ma=2592000,h3-Q050=\":443\"; ma=2592000,h3-Q049=\":443\"; ma=2592000,h3-Q048=\":443\"; ma=2592000,h3-Q046=\":443\"; ma=2592000,h3-Q043=\":443\"; ma=2592000,quic=\":443\"; ma=2592000; v=\"46,43\"","accept-ranges":"none","transfer-encoding":"chunked"}
[debug] [2020-06-19T23:06:54.801Z] >>> HTTP REQUEST GET https://firebase.googleapis.com/v1beta1/projects/theory-parking/webApps/-/config  
 
[debug] [2020-06-19T23:06:55.111Z] <<< HTTP RESPONSE 200 {"content-type":"application/json; charset=UTF-8","vary":"X-Origin, Referer, Origin,Accept-Encoding","date":"Fri, 19 Jun 2020 23:06:53 GMT","server":"ESF","cache-control":"private","x-xss-protection":"0","x-frame-options":"SAMEORIGIN","x-content-type-options":"nosniff","alt-svc":"h3-28=\":443\"; ma=2592000,h3-27=\":443\"; ma=2592000,h3-25=\":443\"; ma=2592000,h3-T050=\":443\"; ma=2592000,h3-Q050=\":443\"; ma=2592000,h3-Q049=\":443\"; ma=2592000,h3-Q048=\":443\"; ma=2592000,h3-Q046=\":443\"; ma=2592000,h3-Q043=\":443\"; ma=2592000,quic=\":443\"; ma=2592000; v=\"46,43\"","accept-ranges":"none","transfer-encoding":"chunked"}
[info] i  hosting: Serving hosting files from: public {"metadata":{"emulator":{"name":"hosting"},"message":"Serving hosting files from: \u001b[1mpublic\u001b[22m"}}
[info] +  hosting: Local server: http://localhost:5000 {"metadata":{"emulator":{"name":"hosting"},"message":"Local server: \u001b[4m\u001b[1mhttp://localhost:5000\u001b[22m\u001b[24m"}}
[info] i  hosting: 127.0.0.1 - - [19/Jun/2020:23:07:08 +0000] "GET / HTTP/1.1" 200 108 "-" "Mozilla/5.0 (Windows NT 10.0; Win64; x64) AppleWebKit/537.36 (KHTML, like Gecko) Chrome/83.0.4103.106 Safari/537.36" {"metadata":{"emulator":{"name":"hosting"},"message":"127.0.0.1 - - [19/Jun/2020:23:07:08 +0000] \"GET / HTTP/1.1\" 200 108 \"-\" \"Mozilla/5.0 (Windows NT 10.0; Win64; x64) AppleWebKit/537.36 (KHTML, like Gecko) Chrome/83.0.4103.106 Safari/537.36\""}}
